# JRE version: OpenJDK Runtime Environment (11.0.15) (build 11.0.15+0-b2043.56-8887301)
# Java VM: OpenJDK 64-Bit Server VM (11.0.15+0-b2043.56-8887301, mixed mode, tiered, compressed oops, g1 gc, windows-amd64)
Heap:
 garbage-first heap   total 643072K, used 310257K [0x0000000080000000, 0x0000000100000000)
  region size 1024K, 2 young (2048K), 2 survivors (2048K)
 Metaspace       used 168493K, capacity 175046K, committed 175192K, reserved 1202176K
  class space    used 20448K, capacity 22795K, committed 22912K, reserved 1048576K
GC Heap History (20 events):
Event: 5136.201 GC heap after
{Heap after GC invocations=270 (full 0):
 garbage-first heap   total 440320K, used 229703K [0x0000000080000000, 0x0000000100000000)
  region size 1024K, 2 young (2048K), 2 survivors (2048K)
 Metaspace       used 168280K, capacity 174861K, committed 175064K, reserved 1202176K
  class space    used 20438K, capacity 22784K, committed 22784K, reserved 1048576K
}
Event: 5136.221 GC heap before
{Heap before GC invocations=270 (full 0):
 garbage-first heap   total 440320K, used 234823K [0x0000000080000000, 0x0000000100000000)
  region size 1024K, 8 young (8192K), 2 survivors (2048K)
 Metaspace       used 168290K, capacity 174863K, committed 175192K, reserved 1202176K
  class space    used 20439K, capacity 22785K, committed 22912K, reserved 1048576K
}
Event: 5136.224 GC heap after
{Heap after GC invocations=271 (full 0):
 garbage-first heap   total 440320K, used 230267K [0x0000000080000000, 0x0000000100000000)
  region size 1024K, 3 young (3072K), 3 survivors (3072K)
 Metaspace       used 168290K, capacity 174863K, committed 175192K, reserved 1202176K
  class space    used 20439K, capacity 22785K, committed 22912K, reserved 1048576K
}
Event: 5136.739 GC heap before
{Heap before GC invocations=272 (full 0):
 garbage-first heap   total 440320K, used 338811K [0x0000000080000000, 0x0000000100000000)
  region size 1024K, 105 young (107520K), 3 survivors (3072K)
 Metaspace       used 168398K, capacity 174954K, committed 175192K, reserved 1202176K
  class space    used 20444K, capacity 22789K, committed 22912K, reserved 1048576K
}
Event: 5136.747 GC heap after
{Heap after GC invocations=273 (full 0):
 garbage-first heap   total 440320K, used 243718K [0x0000000080000000, 0x0000000100000000)
  region size 1024K, 13 young (13312K), 13 survivors (13312K)
 Metaspace       used 168398K, capacity 174954K, committed 175192K, reserved 1202176K
  class space    used 20444K, capacity 22789K, committed 22912K, reserved 1048576K
}
Event: 5136.760 GC heap before
{Heap before GC invocations=273 (full 0):
 garbage-first heap   total 440320K, used 250886K [0x0000000080000000, 0x0000000100000000)
  region size 1024K, 21 young (21504K), 13 survivors (13312K)
 Metaspace       used 168400K, capacity 174957K, committed 175192K, reserved 1202176K
  class space    used 20445K, capacity 22790K, committed 22912K, reserved 1048576K
}
Event: 5136.765 GC heap after
{Heap after GC invocations=274 (full 0):
 garbage-first heap   total 440320K, used 236769K [0x0000000080000000, 0x0000000100000000)
  region size 1024K, 2 young (2048K), 2 survivors (2048K)
 Metaspace       used 168400K, capacity 174957K, committed 175192K, reserved 1202176K
  class space    used 20445K, capacity 22790K, committed 22912K, reserved 1048576K
}
Event: 5136.942 GC heap before
{Heap before GC invocations=274 (full 0):
 garbage-first heap   total 440320K, used 296161K [0x0000000080000000, 0x0000000100000000)
  region size 1024K, 62 young (63488K), 2 survivors (2048K)
 Metaspace       used 168414K, capacity 174960K, committed 175192K, reserved 1202176K
  class space    used 20446K, capacity 22791K, committed 22912K, reserved 1048576K
}
Event: 5136.950 GC heap after
{Heap after GC invocations=275 (full 0):
 garbage-first heap   total 440320K, used 241595K [0x0000000080000000, 0x0000000100000000)
  region size 1024K, 7 young (7168K), 7 survivors (7168K)
 Metaspace       used 168414K, capacity 174960K, committed 175192K, reserved 1202176K
  class space    used 20446K, capacity 22791K, committed 22912K, reserved 1048576K
}
Event: 5137.151 GC heap before
{Heap before GC invocations=276 (full 0):
 garbage-first heap   total 440320K, used 361403K [0x0000000080000000, 0x0000000100000000)
  region size 1024K, 108 young (110592K), 7 survivors (7168K)
 Metaspace       used 168431K, capacity 174971K, committed 175192K, reserved 1202176K
  class space    used 20447K, capacity 22794K, committed 22912K, reserved 1048576K
}
Event: 5137.158 GC heap after
{Heap after GC invocations=277 (full 0):
 garbage-first heap   total 440320K, used 259514K [0x0000000080000000, 0x0000000100000000)
  region size 1024K, 14 young (14336K), 14 survivors (14336K)
 Metaspace       used 168431K, capacity 174971K, committed 175192K, reserved 1202176K
  class space    used 20447K, capacity 22794K, committed 22912K, reserved 1048576K
}
Event: 5137.163 GC heap before
{Heap before GC invocations=277 (full 0):
 garbage-first heap   total 440320K, used 279994K [0x0000000080000000, 0x0000000100000000)
  region size 1024K, 21 young (21504K), 14 survivors (14336K)
 Metaspace       used 168432K, capacity 174972K, committed 175192K, reserved 1202176K
  class space    used 20447K, capacity 22794K, committed 22912K, reserved 1048576K
}
Event: 5137.169 GC heap after
{Heap after GC invocations=278 (full 0):
 garbage-first heap   total 440320K, used 266643K [0x0000000080000000, 0x0000000100000000)
  region size 1024K, 3 young (3072K), 3 survivors (3072K)
 Metaspace       used 168432K, capacity 174972K, committed 175192K, reserved 1202176K
  class space    used 20447K, capacity 22794K, committed 22912K, reserved 1048576K
}
Event: 5137.260 GC heap before
{Heap before GC invocations=278 (full 0):
 garbage-first heap   total 440320K, used 349587K [0x0000000080000000, 0x0000000100000000)
  region size 1024K, 85 young (87040K), 3 survivors (3072K)
 Metaspace       used 168442K, capacity 174976K, committed 175192K, reserved 1202176K
  class space    used 20447K, capacity 22794K, committed 22912K, reserved 1048576K
}
Event: 5137.276 GC heap after
{Heap after GC invocations=279 (full 0):
 garbage-first heap   total 440320K, used 280463K [0x0000000080000000, 0x0000000100000000)
  region size 1024K, 12 young (12288K), 12 survivors (12288K)
 Metaspace       used 168442K, capacity 174976K, committed 175192K, reserved 1202176K
  class space    used 20447K, capacity 22794K, committed 22912K, reserved 1048576K
}
Event: 5137.436 GC heap before
{Heap before GC invocations=279 (full 0):
 garbage-first heap   total 440320K, used 362383K [0x0000000080000000, 0x0000000100000000)
  region size 1024K, 90 young (92160K), 12 survivors (12288K)
 Metaspace       used 168476K, capacity 174978K, committed 175192K, reserved 1202176K
  class space    used 20447K, capacity 22794K, committed 22912K, reserved 1048576K
}
Event: 5137.455 GC heap after
{Heap after GC invocations=280 (full 0):
 garbage-first heap   total 440320K, used 297390K [0x0000000080000000, 0x0000000100000000)
  region size 1024K, 12 young (12288K), 12 survivors (12288K)
 Metaspace       used 168476K, capacity 174978K, committed 175192K, reserved 1202176K
  class space    used 20447K, capacity 22794K, committed 22912K, reserved 1048576K
}
Event: 5137.558 GC heap before
{Heap before GC invocations=281 (full 0):
 garbage-first heap   total 440320K, used 362926K [0x0000000080000000, 0x0000000100000000)
  region size 1024K, 77 young (78848K), 12 survivors (12288K)
 Metaspace       used 168493K, capacity 175046K, committed 175192K, reserved 1202176K
  class space    used 20448K, capacity 22795K, committed 22912K, reserved 1048576K
}
Event: 5137.573 GC heap after
{Heap after GC invocations=282 (full 0):
 garbage-first heap   total 440320K, used 310074K [0x0000000080000000, 0x0000000100000000)
  region size 1024K, 10 young (10240K), 10 survivors (10240K)
 Metaspace       used 168493K, capacity 175046K, committed 175192K, reserved 1202176K
  class space    used 20448K, capacity 22795K, committed 22912K, reserved 1048576K
}
Event: 5137.594 GC heap before
{Heap before GC invocations=282 (full 0):
 garbage-first heap   total 440320K, used 320314K [0x0000000080000000, 0x0000000100000000)
  region size 1024K, 21 young (21504K), 10 survivors (10240K)
 Metaspace       used 168493K, capacity 175046K, committed 175192K, reserved 1202176K
  class space    used 20448K, capacity 22795K, committed 22912K, reserved 1048576K
}

